<?xml version="1.0" encoding="UTF-8"?>
<testng-results ignored="0" total="1" passed="1" failed="0" skipped="0">
  <reporter-output>
  </reporter-output>
  <suite started-at="2022-06-23T17:03:50 IST" name="Default suite" finished-at="2022-06-23T17:04:15 IST" duration-ms="25822">
    <groups>
    </groups>
    <test started-at="2022-06-23T17:03:50 IST" name="Default test" finished-at="2022-06-23T17:04:15 IST" duration-ms="25822">
      <class name="test.ShareKhanLoginPageTest">
        <test-method is-config="true" signature="openBrowser()[pri:0, instance:test.ShareKhanLoginPageTest@53fdffa1]" started-at="2022-06-23T17:03:50 IST" name="openBrowser" finished-at="2022-06-23T17:04:01 IST" duration-ms="11104" status="PASS">
          <reporter-output>
          </reporter-output>
        </test-method> <!-- openBrowser -->
        <test-method signature="loginTest()[pri:0, instance:test.ShareKhanLoginPageTest@53fdffa1]" started-at="2022-06-23T17:04:01 IST" name="loginTest" finished-at="2022-06-23T17:04:15 IST" duration-ms="14669" status="PASS">
          <reporter-output>
          </reporter-output>
        </test-method> <!-- loginTest -->
      </class> <!-- test.ShareKhanLoginPageTest -->
    </test> <!-- Default test -->
  </suite> <!-- Default suite -->
</testng-results>
